<?xml version="1.0" encoding="UTF-8"?>
<!-- Generated by org.testng.reporters.JUnitReportReporter -->
<testsuite hostname="LAPTOP-KUSNHOLQ" failures="0" tests="9" name="javamethods.PracticeForm" time="9.303" errors="0" timestamp="14 Jun 2023 09:52:05 GMT" skipped="0">
  <testcase classname="javamethods.PracticeForm" name="clickSubmit" time="0.066"/>
  <testcase classname="javamethods.PracticeForm" name="enterData" time="0.417"/>
  <testcase classname="javamethods.PracticeForm" name="selectGender" time="0.184"/>
  <testcase classname="javamethods.PracticeForm" name="autoSuggestionDropdown" time="1.466"/>
  <testcase classname="javamethods.PracticeForm" name="selectDate" time="0.594"/>
  <testcase classname="javamethods.PracticeForm" name="selectState" time="0.243"/>
  <testcase classname="javamethods.PracticeForm" name="selectcity" time="0.117"/>
  <testcase classname="javamethods.PracticeForm" name="uploadImage" time="6.058"/>
  <testcase classname="javamethods.PracticeForm" name="selectHobbies" time="0.158"/>
</testsuite> <!-- javamethods.PracticeForm -->
