<?xml version="1.0" encoding="UTF-8"?>
<!-- Generated by org.testng.reporters.JUnitReportReporter -->
<testsuite hostname="LAPTOP-KUSNHOLQ" failures="0" tests="3" name="javamethods.test25" time="0.167" errors="0" timestamp="10 Jun 2023 02:24:08 GMT" skipped="0">
  <testcase classname="javamethods.test25" name="abc2" time="0.148"/>
  <testcase classname="javamethods.test25" name="abc1" time="0.007"/>
  <testcase classname="javamethods.test25" name="abc" time="0.012"/>
</testsuite> <!-- javamethods.test25 -->
