<?xml version="1.0" encoding="UTF-8"?>
<!-- Generated by org.testng.reporters.JUnitReportReporter -->
<testsuite hostname="LAPTOP-KUSNHOLQ" failures="0" tests="1" name="javamethods.TextBox1" time="2.804" errors="0" timestamp="09 Jun 2023 11:56:43 GMT" skipped="0">
  <testcase classname="javamethods.TextBox1" name="handletextbox" time="2.804"/>
</testsuite> <!-- javamethods.TextBox1 -->
