<?xml version="1.0" encoding="UTF-8"?>
<!-- Generated by org.testng.reporters.JUnitReportReporter -->
<testsuite hostname="LAPTOP-KUSNHOLQ" failures="0" tests="1" name="javamethods.TextBox" time="10.807" errors="0" timestamp="09 Jun 2023 12:08:49 GMT" skipped="0">
  <testcase classname="javamethods.TextBox" name="launchbrowser" time="10.807"/>
</testsuite> <!-- javamethods.TextBox -->
